Using pre-set license

 COMMAND LINE ARGUMENTS:
/Applications/Unity/Hub/Editor/2020.3.7f1/Unity.app/Contents/MacOS/Unity
-adb2
-batchMode
-noUpm
-name
AssetImportWorker0
-projectPath
/Users/tamimattafi/New Unity Project (2)
-logFile
Logs/AssetImportWorker0.log
-srvPort
64216
Successfully changed project path to: /Users/tamimattafi/New Unity Project (2)
/Users/tamimattafi/New Unity Project (2)
Using Asset Import Pipeline V2.
Refreshing native plugins compatible for Editor in 35.82 ms, found 2 plugins.
Preloading 0 native plugins for Editor in 0.00 ms.
Initialize engine version: 2020.3.7f1 (dd97f2c94397)
[Subsystems] Discovering subsystems at path /Applications/Unity/Hub/Editor/2020.3.7f1/Unity.app/Contents/Resources/UnitySubsystems
[Subsystems] Discovering subsystems at path /Users/tamimattafi/New Unity Project (2)/Assets
GfxDevice: creating device client; threaded=0
2021-05-10 16:54:41.690 Unity[7283:281392] Color LCD preferred device: Intel(R) UHD Graphics 630 (low power)
2021-05-10 16:54:41.690 Unity[7283:281392] Metal devices available: 2
2021-05-10 16:54:41.690 Unity[7283:281392] 0: AMD Radeon Pro 5500M (high power)
2021-05-10 16:54:41.690 Unity[7283:281392] 1: Intel(R) UHD Graphics 630 (low power)
2021-05-10 16:54:41.691 Unity[7283:281392] Using device AMD Radeon Pro 5500M (high power)
Initializing Metal device caps: AMD Radeon Pro 5500M
Initialize mono
Mono path[0] = '/Applications/Unity/Hub/Editor/2020.3.7f1/Unity.app/Contents/Managed'
Mono path[1] = '/Applications/Unity/Hub/Editor/2020.3.7f1/Unity.app/Contents/MonoBleedingEdge/lib/mono/unityjit'
Mono config path = '/Applications/Unity/Hub/Editor/2020.3.7f1/Unity.app/Contents/MonoBleedingEdge/etc'
Using monoOptions --debugger-agent=transport=dt_socket,embedding=1,server=y,suspend=n,address=127.0.0.1:56283
Begin MonoManager ReloadAssembly
Registering precompiled unity dll's ...
Register platform support module: /Applications/Unity/Hub/Editor/2020.3.7f1/Unity.app/Contents/PlaybackEngines/MacStandaloneSupport/UnityEditor.OSXStandalone.Extensions.dll
Registered in 0.000462 seconds.
Native extension for OSXStandalone target not found
Refreshing native plugins compatible for Editor in 32.21 ms, found 2 plugins.
Preloading 0 native plugins for Editor in 0.00 ms.
Mono: successfully reloaded assembly
- Completed reload, in  2.545 seconds
Platform modules already initialized, skipping
Registering precompiled user dll's ...
Registered in 0.000502 seconds.
Begin MonoManager ReloadAssembly
Native extension for OSXStandalone target not found
Refreshing native plugins compatible for Editor in 30.45 ms, found 2 plugins.
Preloading 0 native plugins for Editor in 0.00 ms.
Mono: successfully reloaded assembly
- Completed reload, in  0.950 seconds
Platform modules already initialized, skipping
========================================================================
Worker process is ready to serve import requests
Launching external process: /Applications/Unity/Hub/Editor/2020.3.7f1/Unity.app/Contents/Tools/UnityShaderCompiler
Launched and connected shader compiler UnityShaderCompiler after 0.01 seconds
Refreshing native plugins compatible for Editor in 0.39 ms, found 2 plugins.
Preloading 0 native plugins for Editor in 0.00 ms.
Unloading 1861 Unused Serialized files (Serialized files now loaded: 0)
System memory in use before: 165.5 MB.
System memory in use after: 165.5 MB.

Unloading 24 unused Assets to reduce memory usage. Loaded Objects now: 2318.
Total: 2.149302 ms (FindLiveObjects: 0.237724 ms CreateObjectMapping: 0.144668 ms MarkObjects: 1.651070 ms  DeleteObjects: 0.115138 ms)

========================================================================
Received Import Request.
  path: Assets/Prefabs
  artifactKey: Guid(dbd31a61131f94596b4c49b1f861b585) Importer(815301076,1909f56bfc062723c751e8b465ee728b)
Start importing Assets/Prefabs using Guid(dbd31a61131f94596b4c49b1f861b585) Importer(815301076,1909f56bfc062723c751e8b465ee728b)  -> (artifact id: '9601f0ce89fc2436ea9b257fa9fad517') in 0.004649 seconds
  Import took 0.007695 seconds .

========================================================================
Received Import Request.
  Time since last request: 12.150165 seconds.
  path: Assets/Scripts
  artifactKey: Guid(92153a8ab63414f95a06c7d7751391ab) Importer(815301076,1909f56bfc062723c751e8b465ee728b)
Start importing Assets/Scripts using Guid(92153a8ab63414f95a06c7d7751391ab) Importer(815301076,1909f56bfc062723c751e8b465ee728b)  -> (artifact id: 'd96dc2678f2d5f165f9b7033e9747477') in 0.001281 seconds
  Import took 0.004026 seconds .

========================================================================
Received Import Request.
  Time since last request: 1.251500 seconds.
  path: Assets/TouchQueueHandler.cs
  artifactKey: Guid(8e1a9bf7929f7442ba30a10a3174363c) Importer(815301076,1909f56bfc062723c751e8b465ee728b)
Start importing Assets/TouchQueueHandler.cs using Guid(8e1a9bf7929f7442ba30a10a3174363c) Importer(815301076,1909f56bfc062723c751e8b465ee728b)  -> (artifact id: '39664c00304affc0663d118981905286') in 0.293099 seconds
  Import took 0.296026 seconds .

========================================================================
Received Prepare
Registering precompiled user dll's ...
Registered in 0.000374 seconds.
Begin MonoManager ReloadAssembly
Native extension for OSXStandalone target not found
Refreshing native plugins compatible for Editor in 0.46 ms, found 2 plugins.
Preloading 0 native plugins for Editor in 0.00 ms.
Mono: successfully reloaded assembly
- Completed reload, in  0.941 seconds
Platform modules already initialized, skipping
Switching build target platform(2) subTarget(0) extendedPlatform(0) -> platform(13) subTarget(537395200) extendedPlatform(0)
Refreshing native plugins compatible for Editor in 0.36 ms, found 2 plugins.
Preloading 0 native plugins for Editor in 0.00 ms.
Unloading 1846 Unused Serialized files (Serialized files now loaded: 0)
System memory in use before: 167.8 MB.
System memory in use after: 167.8 MB.

Unloading 12 unused Assets to reduce memory usage. Loaded Objects now: 2322.
Total: 2.054148 ms (FindLiveObjects: 0.205247 ms CreateObjectMapping: 0.075960 ms MarkObjects: 1.672882 ms  DeleteObjects: 0.099309 ms)

AssetImportParameters requested are different than current active one (requested -> active):
  custom:graphics/normal-map-encoding: 01000000000000000000000000000000 -> 02000000000000000000000000000000
========================================================================
Received Import Request.
  Time since last request: 7.349637 seconds.
  path: Assets/SliderLabel.cs
  artifactKey: Guid(38f10063bf8cb4b2dba3f4b65150c387) Importer(815301076,1909f56bfc062723c751e8b465ee728b)
Start importing Assets/SliderLabel.cs using Guid(38f10063bf8cb4b2dba3f4b65150c387) Importer(815301076,1909f56bfc062723c751e8b465ee728b)  -> (artifact id: '9cb8b50dd21009792264ea32f3d50406') in 0.004822 seconds
  Import took 0.007999 seconds .

========================================================================
Received Prepare
Registering precompiled user dll's ...
Registered in 0.000371 seconds.
Begin MonoManager ReloadAssembly
Native extension for OSXStandalone target not found
Refreshing native plugins compatible for Editor in 0.33 ms, found 2 plugins.
Preloading 0 native plugins for Editor in 0.00 ms.
Mono: successfully reloaded assembly
- Completed reload, in  0.891 seconds
Platform modules already initialized, skipping
Switching build target platform(2) subTarget(0) extendedPlatform(0) -> platform(13) subTarget(537395200) extendedPlatform(0)
Refreshing native plugins compatible for Editor in 0.34 ms, found 2 plugins.
Preloading 0 native plugins for Editor in 0.00 ms.
Unloading 1846 Unused Serialized files (Serialized files now loaded: 0)
System memory in use before: 168.1 MB.
System memory in use after: 168.0 MB.

Unloading 12 unused Assets to reduce memory usage. Loaded Objects now: 2326.
Total: 1.933100 ms (FindLiveObjects: 0.188836 ms CreateObjectMapping: 0.064710 ms MarkObjects: 1.580896 ms  DeleteObjects: 0.097768 ms)

AssetImportParameters requested are different than current active one (requested -> active):
  custom:graphics/normal-map-encoding: 01000000000000000000000000000000 -> 02000000000000000000000000000000
========================================================================
Received Prepare
Registering precompiled user dll's ...
Registered in 0.000373 seconds.
Begin MonoManager ReloadAssembly
Native extension for OSXStandalone target not found
Refreshing native plugins compatible for Editor in 0.45 ms, found 2 plugins.
Preloading 0 native plugins for Editor in 0.00 ms.
Mono: successfully reloaded assembly
- Completed reload, in  0.942 seconds
Platform modules already initialized, skipping
Switching build target platform(2) subTarget(0) extendedPlatform(0) -> platform(13) subTarget(537395200) extendedPlatform(0)
Refreshing native plugins compatible for Editor in 0.47 ms, found 2 plugins.
Preloading 0 native plugins for Editor in 0.00 ms.
Unloading 1846 Unused Serialized files (Serialized files now loaded: 0)
System memory in use before: 168.3 MB.
System memory in use after: 168.3 MB.

Unloading 12 unused Assets to reduce memory usage. Loaded Objects now: 2330.
Total: 1.912515 ms (FindLiveObjects: 0.194689 ms CreateObjectMapping: 0.080305 ms MarkObjects: 1.543764 ms  DeleteObjects: 0.092775 ms)

AssetImportParameters requested are different than current active one (requested -> active):
  custom:graphics/normal-map-encoding: 01000000000000000000000000000000 -> 02000000000000000000000000000000
========================================================================
Received Prepare
Registering precompiled user dll's ...
Registered in 0.000350 seconds.
Begin MonoManager ReloadAssembly
Native extension for OSXStandalone target not found
Refreshing native plugins compatible for Editor in 0.34 ms, found 2 plugins.
Preloading 0 native plugins for Editor in 0.00 ms.
Mono: successfully reloaded assembly
- Completed reload, in  0.851 seconds
Platform modules already initialized, skipping
Switching build target platform(2) subTarget(0) extendedPlatform(0) -> platform(13) subTarget(537395200) extendedPlatform(0)
Refreshing native plugins compatible for Editor in 1.10 ms, found 2 plugins.
Preloading 0 native plugins for Editor in 0.00 ms.
Unloading 1846 Unused Serialized files (Serialized files now loaded: 0)
System memory in use before: 168.5 MB.
System memory in use after: 168.5 MB.

Unloading 12 unused Assets to reduce memory usage. Loaded Objects now: 2334.
Total: 1.929029 ms (FindLiveObjects: 0.195720 ms CreateObjectMapping: 0.056217 ms MarkObjects: 1.577785 ms  DeleteObjects: 0.098035 ms)

AssetImportParameters requested are different than current active one (requested -> active):
  custom:graphics/normal-map-encoding: 01000000000000000000000000000000 -> 02000000000000000000000000000000
========================================================================
Received Import Request.
  Time since last request: 12.075429 seconds.
  path: Assets/Prefabs/Circle.prefab
  artifactKey: Guid(ccd4d4f0cd02d45c3a6dedec58d97a01) Importer(815301076,1909f56bfc062723c751e8b465ee728b)
Start importing Assets/Prefabs/Circle.prefab using Guid(ccd4d4f0cd02d45c3a6dedec58d97a01) Importer(815301076,1909f56bfc062723c751e8b465ee728b)  -> (artifact id: 'b793e785d3bda8498fa4f854c51b1783') in 1.500099 seconds
  Import took 1.503277 seconds .

========================================================================
Received Import Request.
  Time since last request: 52.327570 seconds.
  path: Assets/Prefabs/White Circle Variant.prefab
  artifactKey: Guid(6248ff527957d45cc853f74c99e770d9) Importer(815301076,1909f56bfc062723c751e8b465ee728b)
Start importing Assets/Prefabs/White Circle Variant.prefab using Guid(6248ff527957d45cc853f74c99e770d9) Importer(815301076,1909f56bfc062723c751e8b465ee728b)  -> (artifact id: '8308d2a9f9f662e7569ef3243a5e01e8') in 0.015269 seconds
  Import took 0.018540 seconds .

========================================================================
Received Import Request.
  Time since last request: 37.203479 seconds.
  path: Assets/Prefabs/White Circle Variant.prefab
  artifactKey: Guid(6248ff527957d45cc853f74c99e770d9) Importer(815301076,1909f56bfc062723c751e8b465ee728b)
Start importing Assets/Prefabs/White Circle Variant.prefab using Guid(6248ff527957d45cc853f74c99e770d9) Importer(815301076,1909f56bfc062723c751e8b465ee728b)  -> (artifact id: '336070448cf3bd616c9e8c9475cc7e10') in 0.012549 seconds
  Import took 0.015643 seconds .

========================================================================
Received Import Request.
  Time since last request: 2.065403 seconds.
  path: Assets/Prefabs/White Circle Variant.prefab
  artifactKey: Guid(6248ff527957d45cc853f74c99e770d9) Importer(815301076,1909f56bfc062723c751e8b465ee728b)
Start importing Assets/Prefabs/White Circle Variant.prefab using Guid(6248ff527957d45cc853f74c99e770d9) Importer(815301076,1909f56bfc062723c751e8b465ee728b)  -> (artifact id: '5d78ededa2a2fbe9e888fc86279fff48') in 0.009969 seconds
  Import took 0.013556 seconds .

========================================================================
Received Import Request.
  Time since last request: 1.387915 seconds.
  path: Assets/Prefabs/White Circle Variant.prefab
  artifactKey: Guid(6248ff527957d45cc853f74c99e770d9) Importer(815301076,1909f56bfc062723c751e8b465ee728b)
Start importing Assets/Prefabs/White Circle Variant.prefab using Guid(6248ff527957d45cc853f74c99e770d9) Importer(815301076,1909f56bfc062723c751e8b465ee728b)  -> (artifact id: 'ac277f2692189eb60cbe10ccdec60b07') in 0.012656 seconds
  Import took 0.015821 seconds .

========================================================================
Received Import Request.
  Time since last request: 0.989745 seconds.
  path: Assets/Prefabs/White Circle Variant.prefab
  artifactKey: Guid(6248ff527957d45cc853f74c99e770d9) Importer(815301076,1909f56bfc062723c751e8b465ee728b)
Start importing Assets/Prefabs/White Circle Variant.prefab using Guid(6248ff527957d45cc853f74c99e770d9) Importer(815301076,1909f56bfc062723c751e8b465ee728b)  -> (artifact id: '32996889b6ce64508ef15b37932cb923') in 0.013595 seconds
  Import took 0.017252 seconds .

========================================================================
Received Import Request.
  Time since last request: 1.604928 seconds.
  path: Assets/Prefabs/White Circle Variant.prefab
  artifactKey: Guid(6248ff527957d45cc853f74c99e770d9) Importer(815301076,1909f56bfc062723c751e8b465ee728b)
Start importing Assets/Prefabs/White Circle Variant.prefab using Guid(6248ff527957d45cc853f74c99e770d9) Importer(815301076,1909f56bfc062723c751e8b465ee728b)  -> (artifact id: '2ed9d3418772436f61c1018627048bff') in 0.011609 seconds
  Import took 0.014854 seconds .

========================================================================
Received Import Request.
  Time since last request: 17.231753 seconds.
  path: Assets/Prefabs/White Circle Variant.prefab
  artifactKey: Guid(6248ff527957d45cc853f74c99e770d9) Importer(815301076,1909f56bfc062723c751e8b465ee728b)
Start importing Assets/Prefabs/White Circle Variant.prefab using Guid(6248ff527957d45cc853f74c99e770d9) Importer(815301076,1909f56bfc062723c751e8b465ee728b)  -> (artifact id: 'f97ecd11d41af11194cd024e5d594af6') in 0.011817 seconds
  Import took 0.014914 seconds .

========================================================================
Received Import Request.
  Time since last request: 2.633723 seconds.
  path: Assets/Prefabs/White Circle Variant.prefab
  artifactKey: Guid(6248ff527957d45cc853f74c99e770d9) Importer(815301076,1909f56bfc062723c751e8b465ee728b)
Start importing Assets/Prefabs/White Circle Variant.prefab using Guid(6248ff527957d45cc853f74c99e770d9) Importer(815301076,1909f56bfc062723c751e8b465ee728b)  -> (artifact id: '81596a047a0469c9eeaf4904c0762f02') in 0.012018 seconds
  Import took 0.015197 seconds .

========================================================================
Received Import Request.
  Time since last request: 11.556337 seconds.
  path: Assets/Prefabs/White Circle Variant.prefab
  artifactKey: Guid(6248ff527957d45cc853f74c99e770d9) Importer(815301076,1909f56bfc062723c751e8b465ee728b)
Start importing Assets/Prefabs/White Circle Variant.prefab using Guid(6248ff527957d45cc853f74c99e770d9) Importer(815301076,1909f56bfc062723c751e8b465ee728b)  -> (artifact id: '60a5627bd60d1bbae738b32d36609d99') in 0.013050 seconds
  Import took 0.016268 seconds .

========================================================================
Received Import Request.
  Time since last request: 23.668833 seconds.
  path: Assets/Scripts/TouchesDrawer.cs
  artifactKey: Guid(9d5fa7d9e369443afa06279f283042aa) Importer(815301076,1909f56bfc062723c751e8b465ee728b)
Start importing Assets/Scripts/TouchesDrawer.cs using Guid(9d5fa7d9e369443afa06279f283042aa) Importer(815301076,1909f56bfc062723c751e8b465ee728b)  -> (artifact id: 'caf1917b9cb2d95461b7089798cec0fb') in 0.003701 seconds
  Import took 0.006612 seconds .

========================================================================
Received Prepare
Registering precompiled user dll's ...
Registered in 0.000766 seconds.
Begin MonoManager ReloadAssembly
Native extension for OSXStandalone target not found
Refreshing native plugins compatible for Editor in 0.32 ms, found 2 plugins.
Preloading 0 native plugins for Editor in 0.00 ms.
Mono: successfully reloaded assembly
- Completed reload, in  0.863 seconds
Platform modules already initialized, skipping
Switching build target platform(2) subTarget(0) extendedPlatform(0) -> platform(13) subTarget(537395200) extendedPlatform(0)
Refreshing native plugins compatible for Editor in 0.33 ms, found 2 plugins.
Preloading 0 native plugins for Editor in 0.00 ms.
Unloading 1846 Unused Serialized files (Serialized files now loaded: 0)
System memory in use before: 176.5 MB.
System memory in use after: 176.5 MB.

Unloading 12 unused Assets to reduce memory usage. Loaded Objects now: 2345.
Total: 1.669434 ms (FindLiveObjects: 0.195337 ms CreateObjectMapping: 0.052507 ms MarkObjects: 1.345377 ms  DeleteObjects: 0.075627 ms)

AssetImportParameters requested are different than current active one (requested -> active):
  custom:graphics/normal-map-encoding: 01000000000000000000000000000000 -> 02000000000000000000000000000000
========================================================================
Received Import Request.
  Time since last request: 234.148848 seconds.
  path: Assets/Scripts/TouchesDrawer.cs
  artifactKey: Guid(9d5fa7d9e369443afa06279f283042aa) Importer(815301076,1909f56bfc062723c751e8b465ee728b)
Start importing Assets/Scripts/TouchesDrawer.cs using Guid(9d5fa7d9e369443afa06279f283042aa) Importer(815301076,1909f56bfc062723c751e8b465ee728b)  -> (artifact id: '279db5a529fe8376c53022195f891f50') in 0.005764 seconds
  Import took 0.009189 seconds .

========================================================================
Received Import Request.
  Time since last request: 0.010361 seconds.
  path: Assets/Scripts/TouchesDrawer.cs
  artifactKey: Guid(9d5fa7d9e369443afa06279f283042aa) Importer(815301076,1909f56bfc062723c751e8b465ee728b)
Start importing Assets/Scripts/TouchesDrawer.cs using Guid(9d5fa7d9e369443afa06279f283042aa) Importer(815301076,1909f56bfc062723c751e8b465ee728b)  -> (artifact id: '279db5a529fe8376c53022195f891f50') in 0.003863 seconds
  Import took 0.006793 seconds .

========================================================================
Received Prepare
Registering precompiled user dll's ...
Registered in 0.000845 seconds.
Begin MonoManager ReloadAssembly
Native extension for OSXStandalone target not found
Refreshing native plugins compatible for Editor in 0.32 ms, found 2 plugins.
Preloading 0 native plugins for Editor in 0.00 ms.
Mono: successfully reloaded assembly
- Completed reload, in  1.422 seconds
Platform modules already initialized, skipping
Switching build target platform(2) subTarget(0) extendedPlatform(0) -> platform(13) subTarget(537395200) extendedPlatform(0)
Refreshing native plugins compatible for Editor in 0.34 ms, found 2 plugins.
Preloading 0 native plugins for Editor in 0.00 ms.
Unloading 1846 Unused Serialized files (Serialized files now loaded: 0)
System memory in use before: 176.7 MB.
System memory in use after: 176.7 MB.

Unloading 12 unused Assets to reduce memory usage. Loaded Objects now: 2349.
Total: 1.852023 ms (FindLiveObjects: 0.177825 ms CreateObjectMapping: 0.065695 ms MarkObjects: 1.516416 ms  DeleteObjects: 0.091270 ms)

AssetImportParameters requested are different than current active one (requested -> active):
  custom:graphics/normal-map-encoding: 01000000000000000000000000000000 -> 02000000000000000000000000000000
========================================================================
Received Import Request.
  Time since last request: 141.974448 seconds.
  path: Assets/Prefabs/White Circle Variant.prefab
  artifactKey: Guid(6248ff527957d45cc853f74c99e770d9) Importer(815301076,1909f56bfc062723c751e8b465ee728b)
Start importing Assets/Prefabs/White Circle Variant.prefab using Guid(6248ff527957d45cc853f74c99e770d9) Importer(815301076,1909f56bfc062723c751e8b465ee728b)  -> (artifact id: 'bc5822a44d4d5cec54b13fa4eeda321b') in 0.062418 seconds
  Import took 0.066588 seconds .

========================================================================
Received Import Request.
  Time since last request: 17.620377 seconds.
  path: Assets/Prefabs/White Circle Variant.prefab
  artifactKey: Guid(6248ff527957d45cc853f74c99e770d9) Importer(815301076,1909f56bfc062723c751e8b465ee728b)
Start importing Assets/Prefabs/White Circle Variant.prefab using Guid(6248ff527957d45cc853f74c99e770d9) Importer(815301076,1909f56bfc062723c751e8b465ee728b)  -> (artifact id: '3b718b2b5dd6f5243f2dd389a74e8bcc') in 0.011297 seconds
  Import took 0.014803 seconds .

========================================================================
Received Prepare
Registering precompiled user dll's ...
Registered in 0.000734 seconds.
Begin MonoManager ReloadAssembly
Native extension for OSXStandalone target not found
Refreshing native plugins compatible for Editor in 0.37 ms, found 2 plugins.
Preloading 0 native plugins for Editor in 0.00 ms.
Mono: successfully reloaded assembly
- Completed reload, in  1.007 seconds
Platform modules already initialized, skipping
Switching build target platform(2) subTarget(0) extendedPlatform(0) -> platform(13) subTarget(537395200) extendedPlatform(0)
Refreshing native plugins compatible for Editor in 0.35 ms, found 2 plugins.
Preloading 0 native plugins for Editor in 0.00 ms.
Unloading 1846 Unused Serialized files (Serialized files now loaded: 0)
System memory in use before: 177.0 MB.
System memory in use after: 177.0 MB.

Unloading 12 unused Assets to reduce memory usage. Loaded Objects now: 2354.
Total: 1.941806 ms (FindLiveObjects: 0.233403 ms CreateObjectMapping: 0.079097 ms MarkObjects: 1.532136 ms  DeleteObjects: 0.096467 ms)

AssetImportParameters requested are different than current active one (requested -> active):
  custom:graphics/normal-map-encoding: 01000000000000000000000000000000 -> 02000000000000000000000000000000
========================================================================
Received Import Request.
  Time since last request: 179.933134 seconds.
  path: Assets/Prefabs/White Circle Variant.prefab
  artifactKey: Guid(6248ff527957d45cc853f74c99e770d9) Importer(815301076,1909f56bfc062723c751e8b465ee728b)
Start importing Assets/Prefabs/White Circle Variant.prefab using Guid(6248ff527957d45cc853f74c99e770d9) Importer(815301076,1909f56bfc062723c751e8b465ee728b)  -> (artifact id: '3d68d1f0a8888e65dfeb7221843b571b') in 0.062392 seconds
  Import took 0.066703 seconds .

========================================================================
Received Import Request.
  Time since last request: 3.608685 seconds.
  path: Assets/Prefabs/White Circle Variant.prefab
  artifactKey: Guid(6248ff527957d45cc853f74c99e770d9) Importer(815301076,1909f56bfc062723c751e8b465ee728b)
Start importing Assets/Prefabs/White Circle Variant.prefab using Guid(6248ff527957d45cc853f74c99e770d9) Importer(815301076,1909f56bfc062723c751e8b465ee728b)  -> (artifact id: '6f838cf1fdbe1839b83eee36cf63d574') in 0.013283 seconds
  Import took 0.016402 seconds .

========================================================================
Received Import Request.
  Time since last request: 1.413622 seconds.
  path: Assets/Prefabs/White Circle Variant.prefab
  artifactKey: Guid(6248ff527957d45cc853f74c99e770d9) Importer(815301076,1909f56bfc062723c751e8b465ee728b)
Start importing Assets/Prefabs/White Circle Variant.prefab using Guid(6248ff527957d45cc853f74c99e770d9) Importer(815301076,1909f56bfc062723c751e8b465ee728b)  -> (artifact id: '43408461ee5831afde8ee328cd169ff1') in 0.012577 seconds
  Import took 0.017029 seconds .

========================================================================
Received Import Request.
  Time since last request: 0.791410 seconds.
  path: Assets/Prefabs/White Circle Variant.prefab
  artifactKey: Guid(6248ff527957d45cc853f74c99e770d9) Importer(815301076,1909f56bfc062723c751e8b465ee728b)
Start importing Assets/Prefabs/White Circle Variant.prefab using Guid(6248ff527957d45cc853f74c99e770d9) Importer(815301076,1909f56bfc062723c751e8b465ee728b)  -> (artifact id: 'c0cc363cc4d497eed3ad7e1a592a3a1f') in 0.011566 seconds
  Import took 0.014811 seconds .

========================================================================
Received Prepare
Registering precompiled user dll's ...
Registered in 0.000598 seconds.
Begin MonoManager ReloadAssembly
Native extension for OSXStandalone target not found
Refreshing native plugins compatible for Editor in 0.31 ms, found 2 plugins.
Preloading 0 native plugins for Editor in 0.00 ms.
Mono: successfully reloaded assembly
- Completed reload, in  0.870 seconds
Platform modules already initialized, skipping
Switching build target platform(2) subTarget(0) extendedPlatform(0) -> platform(13) subTarget(537395200) extendedPlatform(0)
Refreshing native plugins compatible for Editor in 0.65 ms, found 2 plugins.
Preloading 0 native plugins for Editor in 0.00 ms.
Unloading 1846 Unused Serialized files (Serialized files now loaded: 0)
System memory in use before: 177.3 MB.
System memory in use after: 177.3 MB.

Unloading 12 unused Assets to reduce memory usage. Loaded Objects now: 2359.
Total: 1.806242 ms (FindLiveObjects: 0.176485 ms CreateObjectMapping: 0.053827 ms MarkObjects: 1.476582 ms  DeleteObjects: 0.098179 ms)

AssetImportParameters requested are different than current active one (requested -> active):
  custom:graphics/normal-map-encoding: 01000000000000000000000000000000 -> 02000000000000000000000000000000
========================================================================
Received Import Request.
  Time since last request: 78.533464 seconds.
  path: Assets/Prefabs/White Circle Variant.prefab
  artifactKey: Guid(6248ff527957d45cc853f74c99e770d9) Importer(815301076,1909f56bfc062723c751e8b465ee728b)
Start importing Assets/Prefabs/White Circle Variant.prefab using Guid(6248ff527957d45cc853f74c99e770d9) Importer(815301076,1909f56bfc062723c751e8b465ee728b)  -> (artifact id: 'c1803de00a901092dd8bcf28645a7cdf') in 0.062158 seconds
  Import took 0.067084 seconds .

========================================================================
Received Import Request.
  Time since last request: 0.241286 seconds.
  path: Assets/Prefabs/White Circle Variant.prefab
  artifactKey: Guid(6248ff527957d45cc853f74c99e770d9) Importer(815301076,1909f56bfc062723c751e8b465ee728b)
Start importing Assets/Prefabs/White Circle Variant.prefab using Guid(6248ff527957d45cc853f74c99e770d9) Importer(815301076,1909f56bfc062723c751e8b465ee728b)  -> (artifact id: '34b66c84a8ea2e97da9ec7918d2f5c77') in 0.013068 seconds
  Import took 0.016855 seconds .

========================================================================
Received Import Request.
  Time since last request: 1.198835 seconds.
  path: Assets/Prefabs/White Circle Variant.prefab
  artifactKey: Guid(6248ff527957d45cc853f74c99e770d9) Importer(815301076,1909f56bfc062723c751e8b465ee728b)
Start importing Assets/Prefabs/White Circle Variant.prefab using Guid(6248ff527957d45cc853f74c99e770d9) Importer(815301076,1909f56bfc062723c751e8b465ee728b)  -> (artifact id: 'b45fe57b9bb6eb1d63c8f8babfa7e60b') in 0.013976 seconds
  Import took 0.017537 seconds .

========================================================================
Received Prepare
Registering precompiled user dll's ...
Registered in 0.001199 seconds.
Begin MonoManager ReloadAssembly
Native extension for OSXStandalone target not found
Refreshing native plugins compatible for Editor in 0.38 ms, found 2 plugins.
Preloading 0 native plugins for Editor in 0.00 ms.
Mono: successfully reloaded assembly
- Completed reload, in  1.562 seconds
Platform modules already initialized, skipping
Switching build target platform(2) subTarget(0) extendedPlatform(0) -> platform(13) subTarget(537395200) extendedPlatform(0)
Refreshing native plugins compatible for Editor in 0.40 ms, found 2 plugins.
Preloading 0 native plugins for Editor in 0.00 ms.
Unloading 1846 Unused Serialized files (Serialized files now loaded: 0)
System memory in use before: 177.4 MB.
System memory in use after: 177.4 MB.

Unloading 12 unused Assets to reduce memory usage. Loaded Objects now: 2364.
Total: 5.431993 ms (FindLiveObjects: 0.912651 ms CreateObjectMapping: 0.243194 ms MarkObjects: 3.938722 ms  DeleteObjects: 0.333591 ms)

AssetImportParameters requested are different than current active one (requested -> active):
  custom:graphics/normal-map-encoding: 01000000000000000000000000000000 -> 02000000000000000000000000000000
========================================================================
Received Prepare
Registering precompiled user dll's ...
Registered in 0.000523 seconds.
Begin MonoManager ReloadAssembly
Native extension for OSXStandalone target not found
Refreshing native plugins compatible for Editor in 0.51 ms, found 2 plugins.
Preloading 0 native plugins for Editor in 0.00 ms.
Mono: successfully reloaded assembly
- Completed reload, in  0.984 seconds
Platform modules already initialized, skipping
Switching build target platform(2) subTarget(0) extendedPlatform(0) -> platform(13) subTarget(537395200) extendedPlatform(0)
Refreshing native plugins compatible for Editor in 0.63 ms, found 2 plugins.
Preloading 0 native plugins for Editor in 0.00 ms.
Unloading 1846 Unused Serialized files (Serialized files now loaded: 0)
System memory in use before: 177.6 MB.
System memory in use after: 177.6 MB.

Unloading 12 unused Assets to reduce memory usage. Loaded Objects now: 2368.
Total: 2.005110 ms (FindLiveObjects: 0.236657 ms CreateObjectMapping: 0.076628 ms MarkObjects: 1.590530 ms  DeleteObjects: 0.100369 ms)

AssetImportParameters requested are different than current active one (requested -> active):
  custom:graphics/normal-map-encoding: 01000000000000000000000000000000 -> 02000000000000000000000000000000
========================================================================
Received Prepare
Registering precompiled user dll's ...
Registered in 0.000391 seconds.
Begin MonoManager ReloadAssembly
Native extension for OSXStandalone target not found
Refreshing native plugins compatible for Editor in 0.35 ms, found 2 plugins.
Preloading 0 native plugins for Editor in 0.00 ms.
Mono: successfully reloaded assembly
- Completed reload, in  1.084 seconds
Platform modules already initialized, skipping
Switching build target platform(2) subTarget(0) extendedPlatform(0) -> platform(13) subTarget(537395200) extendedPlatform(0)
Refreshing native plugins compatible for Editor in 0.48 ms, found 2 plugins.
Preloading 0 native plugins for Editor in 0.00 ms.
Unloading 1846 Unused Serialized files (Serialized files now loaded: 0)
System memory in use before: 177.8 MB.
System memory in use after: 177.8 MB.

Unloading 12 unused Assets to reduce memory usage. Loaded Objects now: 2372.
Total: 4.241233 ms (FindLiveObjects: 1.070641 ms CreateObjectMapping: 0.456092 ms MarkObjects: 2.574966 ms  DeleteObjects: 0.132262 ms)

AssetImportParameters requested are different than current active one (requested -> active):
  custom:graphics/normal-map-encoding: 01000000000000000000000000000000 -> 02000000000000000000000000000000
========================================================================
Received Prepare
Registering precompiled user dll's ...
Registered in 0.000555 seconds.
Begin MonoManager ReloadAssembly
Native extension for OSXStandalone target not found
Refreshing native plugins compatible for Editor in 0.30 ms, found 2 plugins.
Preloading 0 native plugins for Editor in 0.00 ms.
Mono: successfully reloaded assembly
- Completed reload, in  0.908 seconds
Platform modules already initialized, skipping
Switching build target platform(2) subTarget(0) extendedPlatform(0) -> platform(13) subTarget(537395200) extendedPlatform(0)
Refreshing native plugins compatible for Editor in 0.37 ms, found 2 plugins.
Preloading 0 native plugins for Editor in 0.00 ms.
Unloading 1846 Unused Serialized files (Serialized files now loaded: 0)
System memory in use before: 178.0 MB.
System memory in use after: 178.0 MB.

Unloading 12 unused Assets to reduce memory usage. Loaded Objects now: 2376.
Total: 1.918793 ms (FindLiveObjects: 0.188990 ms CreateObjectMapping: 0.067313 ms MarkObjects: 1.560182 ms  DeleteObjects: 0.101308 ms)

AssetImportParameters requested are different than current active one (requested -> active):
  custom:graphics/normal-map-encoding: 01000000000000000000000000000000 -> 02000000000000000000000000000000
========================================================================
Received Prepare
Registering precompiled user dll's ...
Registered in 0.000452 seconds.
Begin MonoManager ReloadAssembly
Native extension for OSXStandalone target not found
Refreshing native plugins compatible for Editor in 0.36 ms, found 2 plugins.
Preloading 0 native plugins for Editor in 0.00 ms.
Mono: successfully reloaded assembly
- Completed reload, in  0.948 seconds
Platform modules already initialized, skipping
Switching build target platform(2) subTarget(0) extendedPlatform(0) -> platform(13) subTarget(537395200) extendedPlatform(0)
Refreshing native plugins compatible for Editor in 0.34 ms, found 2 plugins.
Preloading 0 native plugins for Editor in 0.00 ms.
Unloading 1846 Unused Serialized files (Serialized files now loaded: 0)
System memory in use before: 178.2 MB.
System memory in use after: 178.2 MB.

Unloading 12 unused Assets to reduce memory usage. Loaded Objects now: 2380.
Total: 1.997560 ms (FindLiveObjects: 0.208880 ms CreateObjectMapping: 0.070379 ms MarkObjects: 1.592626 ms  DeleteObjects: 0.124518 ms)

AssetImportParameters requested are different than current active one (requested -> active):
  custom:graphics/normal-map-encoding: 01000000000000000000000000000000 -> 02000000000000000000000000000000
========================================================================
Received Import Request.
  Time since last request: 516.675295 seconds.
  path: Assets/Prefabs/White Circle Variant.prefab
  artifactKey: Guid(6248ff527957d45cc853f74c99e770d9) Importer(815301076,1909f56bfc062723c751e8b465ee728b)
Start importing Assets/Prefabs/White Circle Variant.prefab using Guid(6248ff527957d45cc853f74c99e770d9) Importer(815301076,1909f56bfc062723c751e8b465ee728b)  -> (artifact id: '1ad35d8b6b4e5d2a6678d6200774b4b5') in 0.059332 seconds
  Import took 0.063295 seconds .

========================================================================
Received Import Request.
  Time since last request: 2.760737 seconds.
  path: Assets/Prefabs/White Circle Variant.prefab
  artifactKey: Guid(6248ff527957d45cc853f74c99e770d9) Importer(815301076,1909f56bfc062723c751e8b465ee728b)
Start importing Assets/Prefabs/White Circle Variant.prefab using Guid(6248ff527957d45cc853f74c99e770d9) Importer(815301076,1909f56bfc062723c751e8b465ee728b)  -> (artifact id: '066789e264027b3b08b1557d69c732a3') in 0.010339 seconds
  Import took 0.014715 seconds .

========================================================================
Received Prepare
Registering precompiled user dll's ...
Registered in 0.001326 seconds.
Begin MonoManager ReloadAssembly
Native extension for OSXStandalone target not found
Refreshing native plugins compatible for Editor in 0.37 ms, found 2 plugins.
Preloading 0 native plugins for Editor in 0.00 ms.
Mono: successfully reloaded assembly
- Completed reload, in  0.955 seconds
Platform modules already initialized, skipping
Switching build target platform(2) subTarget(0) extendedPlatform(0) -> platform(13) subTarget(537395200) extendedPlatform(0)
Refreshing native plugins compatible for Editor in 0.35 ms, found 2 plugins.
Preloading 0 native plugins for Editor in 0.00 ms.
Unloading 1846 Unused Serialized files (Serialized files now loaded: 0)
System memory in use before: 178.5 MB.
System memory in use after: 178.5 MB.

Unloading 12 unused Assets to reduce memory usage. Loaded Objects now: 2385.
Total: 1.897931 ms (FindLiveObjects: 0.191262 ms CreateObjectMapping: 0.059601 ms MarkObjects: 1.544979 ms  DeleteObjects: 0.100291 ms)

AssetImportParameters requested are different than current active one (requested -> active):
  custom:graphics/normal-map-encoding: 01000000000000000000000000000000 -> 02000000000000000000000000000000
========================================================================
Received Prepare
Registering precompiled user dll's ...
Registered in 0.000639 seconds.
Begin MonoManager ReloadAssembly
Native extension for OSXStandalone target not found
Refreshing native plugins compatible for Editor in 0.42 ms, found 2 plugins.
Preloading 0 native plugins for Editor in 0.00 ms.
Mono: successfully reloaded assembly
- Completed reload, in  1.020 seconds
Platform modules already initialized, skipping
Switching build target platform(2) subTarget(0) extendedPlatform(0) -> platform(13) subTarget(537395200) extendedPlatform(0)
Refreshing native plugins compatible for Editor in 0.33 ms, found 2 plugins.
Preloading 0 native plugins for Editor in 0.00 ms.
Unloading 1846 Unused Serialized files (Serialized files now loaded: 0)
System memory in use before: 178.7 MB.
System memory in use after: 178.7 MB.

Unloading 12 unused Assets to reduce memory usage. Loaded Objects now: 2389.
Total: 2.107650 ms (FindLiveObjects: 0.186092 ms CreateObjectMapping: 0.056964 ms MarkObjects: 1.767416 ms  DeleteObjects: 0.096350 ms)

AssetImportParameters requested are different than current active one (requested -> active):
  custom:graphics/normal-map-encoding: 01000000000000000000000000000000 -> 02000000000000000000000000000000
========================================================================
Received Prepare
Registering precompiled user dll's ...
Registered in 0.000486 seconds.
Begin MonoManager ReloadAssembly
Native extension for OSXStandalone target not found
Refreshing native plugins compatible for Editor in 0.33 ms, found 2 plugins.
Preloading 0 native plugins for Editor in 0.00 ms.
Mono: successfully reloaded assembly
- Completed reload, in  0.872 seconds
Platform modules already initialized, skipping
Switching build target platform(2) subTarget(0) extendedPlatform(0) -> platform(13) subTarget(537395200) extendedPlatform(0)
Refreshing native plugins compatible for Editor in 0.31 ms, found 2 plugins.
Preloading 0 native plugins for Editor in 0.00 ms.
Unloading 1846 Unused Serialized files (Serialized files now loaded: 0)
System memory in use before: 178.9 MB.
System memory in use after: 178.9 MB.

Unloading 12 unused Assets to reduce memory usage. Loaded Objects now: 2393.
Total: 1.794498 ms (FindLiveObjects: 0.267287 ms CreateObjectMapping: 0.050351 ms MarkObjects: 1.392563 ms  DeleteObjects: 0.083674 ms)

AssetImportParameters requested are different than current active one (requested -> active):
  custom:graphics/normal-map-encoding: 01000000000000000000000000000000 -> 02000000000000000000000000000000
========================================================================
Received Prepare
Registering precompiled user dll's ...
Registered in 0.000837 seconds.
Begin MonoManager ReloadAssembly
Native extension for OSXStandalone target not found
Refreshing native plugins compatible for Editor in 0.42 ms, found 2 plugins.
Preloading 0 native plugins for Editor in 0.00 ms.
Mono: successfully reloaded assembly
- Completed reload, in  0.936 seconds
Platform modules already initialized, skipping
Switching build target platform(2) subTarget(0) extendedPlatform(0) -> platform(13) subTarget(537395200) extendedPlatform(0)
Refreshing native plugins compatible for Editor in 0.31 ms, found 2 plugins.
Preloading 0 native plugins for Editor in 0.00 ms.
Unloading 1846 Unused Serialized files (Serialized files now loaded: 0)
System memory in use before: 179.1 MB.
System memory in use after: 179.1 MB.

Unloading 12 unused Assets to reduce memory usage. Loaded Objects now: 2397.
Total: 1.994057 ms (FindLiveObjects: 0.212837 ms CreateObjectMapping: 0.066430 ms MarkObjects: 1.604072 ms  DeleteObjects: 0.109474 ms)

AssetImportParameters requested are different than current active one (requested -> active):
  custom:graphics/normal-map-encoding: 01000000000000000000000000000000 -> 02000000000000000000000000000000
